
> wc-ui@1.0.0 build-storybook /Users/mparrino/Documents/galactik/galactik/packages/wc-ui
> pnpm run build:stencil && storybook build


> wc-ui@1.0.0 build:stencil /Users/mparrino/Documents/galactik/galactik/packages/wc-ui
> stencil build --quiet

[2m[32:16.2][22m  [36m@stencil/core[39m
[2m[32:16.3][22m  [36mv3.4.2[39m ☀️
[2m[32:16.9][22m  build, galactikcomponents, prod mode, started [2m...[22m
[2m[32:16.9][22m  transpile started [2m...[22m
[2m[32:17.6][22m  transpile finished [2min 643 ms[22m

[1m[31m[ ERROR ][39m[22m  TypeScript: [36m../../node_modules/.pnpm/@types+node@24.10.1/node_modules/@types/node/web-globals/streams.d.ts[39m[2m:[22m[33m10[39m[2m:[22m[33m9[39m
           'CompressionStream' is referenced directly or indirectly in its own
           type annotation.

[2m      L9:  [22minterface CompressionStream [36mextends[39m _CompressionStream {}
[2m     L10:  [22m[36mvar[39m [41mC[49m[41mo[49m[41mm[49m[41mp[49m[41mr[49m[41me[49m[41ms[49m[41ms[49m[41mi[49m[41mo[49m[41mn[49m[41mS[49m[41mt[49m[41mr[49m[41me[49m[41ma[49m[41mm[49m: [36mtypeof[39m globalThis [36mextends[39m {
[2m     L11:  [22m    onmessage: any;

[1m[31m[ ERROR ][39m[22m  TypeScript: [36m../../node_modules/.pnpm/@types+node@24.10.1/node_modules/@types/node/web-globals/streams.d.ts[39m[2m:[22m[33m17[39m[2m:[22m[33m9[39m
           'DecompressionStream' is referenced directly or indirectly in its
           own type annotation.

[2m     L16:  [22minterface DecompressionStream [36mextends[39m _DecompressionStream {}
[2m     L17:  [22m[36mvar[39m [41mD[49m[41me[49m[41mc[49m[41mo[49m[41mm[49m[41mp[49m[41mr[49m[41me[49m[41ms[49m[41ms[49m[41mi[49m[41mo[49m[41mn[49m[41mS[49m[41mt[49m[41mr[49m[41me[49m[41ma[49m[41mm[49m: [36mtypeof[39m globalThis [36mextends[39m {
[2m     L18:  [22m    onmessage: any;

[1m[31m[ ERROR ][39m[22m  TypeScript: [36m../../node_modules/.pnpm/@types+node@24.10.1/node_modules/@types/node/child_process.d.ts[39m[2m:[22m[33m310[39m[2m:[22m[33m9[39m
           A computed property name in an ambient context must refer to an
           expression whose type is a literal type or a 'unique symbol' type.

[2m    L309:  [22m */
[2m    L310:  [22m[41m[[49m[41mS[49m[41my[49m[41mm[49m[41mb[49m[41mo[49m[41ml[49m[41m.[49m[41md[49m[41mi[49m[41ms[49m[41mp[49m[41mo[49m[41ms[49m[41me[49m[41m][49m(): void;
[2m    L311:  [22m/**

[1m[31m[ ERROR ][39m[22m  TypeScript: [36m../../node_modules/.pnpm/@types+node@24.10.1/node_modules/@types/node/child_process.d.ts[39m[2m:[22m[33m310[39m[2m:[22m[33m17[39m
           Property 'dispose' does not exist on type 'SymbolConstructor'.

[2m    L309:  [22m */
[2m    L310:  [22m[Symbol.[41md[49m[41mi[49m[41ms[49m[41mp[49m[41mo[49m[41ms[49m[41me[49m](): void;
[2m    L311:  [22m/**

[1m[31m[ ERROR ][39m[22m  TypeScript: [36m../../node_modules/.pnpm/@types+node@24.10.1/node_modules/@types/node/dgram.d.ts[39m[2m:[22m[33m595[39m[2m:[22m[33m9[39m
           A computed property name in an ambient context must refer to an
           expression whose type is a literal type or a 'unique symbol' type.

[2m    L594:  [22m     */
[2m    L595:  [22m    [41m[[49m[41mS[49m[41my[49m[41mm[49m[41mb[49m[41mo[49m[41ml[49m[41m.[49m[41ma[49m[41ms[49m[41my[49m[41mn[49m[41mc[49m[41mD[49m[41mi[49m[41ms[49m[41mp[49m[41mo[49m[41ms[49m[41me[49m[41m][49m(): Promise<void>;
[2m    L596:  [22m}

[1m[31m[ ERROR ][39m[22m  TypeScript: [36m../../node_modules/.pnpm/@types+node@24.10.1/node_modules/@types/node/dgram.d.ts[39m[2m:[22m[33m595[39m[2m:[22m[33m17[39m
           Property 'asyncDispose' does not exist on type 'SymbolConstructor'.

[2m    L594:  [22m     */
[2m    L595:  [22m    [Symbol.[41ma[49m[41ms[49m[41my[49m[41mn[49m[41mc[49m[41mD[49m[41mi[49m[41ms[49m[41mp[49m[41mo[49m[41ms[49m[41me[49m](): Promise<void>;
[2m    L596:  [22m}

[1m[31m[ ERROR ][39m[22m  TypeScript: [36m../../node_modules/.pnpm/@types+node@24.10.1/node_modules/@types/node/events.d.ts[39m[2m:[22m[33m403[39m[2m:[22m[33m89[39m
           Cannot find name 'Disposable'.

[2m    L402:  [22m */
[2m    L403:  [22mr(signal: AbortSignal, resource: (event: Event) => void): [41mD[49m[41mi[49m[41ms[49m[41mp[49m[41mo[49m[41ms[49m[41ma[49m[41mb[49m[41ml[49m[41me[49m;
[2m    L404:  [22m/**

[1m[31m[ ERROR ][39m[22m  TypeScript: [36m../../node_modules/.pnpm/@types+node@24.10.1/node_modules/@types/node/fs.d.ts[39m[2m:[22m[33m331[39m[2m:[22m[33m9[39m
           A computed property name in an ambient context must refer to an
           expression whose type is a literal type or a 'unique symbol' type.

[2m    L330:  [22m */
[2m    L331:  [22m[41m[[49m[41mS[49m[41my[49m[41mm[49m[41mb[49m[41mo[49m[41ml[49m[41m.[49m[41ma[49m[41ms[49m[41my[49m[41mn[49m[41mc[49m[41mD[49m[41mi[49m[41ms[49m[41mp[49m[41mo[49m[41ms[49m[41me[49m[41m][49m(): Promise<void>;
[2m    L332:  [22m/**

[1m[31m[ ERROR ][39m[22m  TypeScript: [36m../../node_modules/.pnpm/@types+node@24.10.1/node_modules/@types/node/fs.d.ts[39m[2m:[22m[33m331[39m[2m:[22m[33m17[39m
           Property 'asyncDispose' does not exist on type 'SymbolConstructor'.

[2m    L330:  [22m */
[2m    L331:  [22m[Symbol.[41ma[49m[41ms[49m[41my[49m[41mn[49m[41mc[49m[41mD[49m[41mi[49m[41ms[49m[41mp[49m[41mo[49m[41ms[49m[41me[49m](): Promise<void>;
[2m    L332:  [22m/**

[1m[31m[ ERROR ][39m[22m  TypeScript: [36m../../node_modules/.pnpm/@types+node@24.10.1/node_modules/@types/node/fs.d.ts[39m[2m:[22m[33m337[39m[2m:[22m[33m17[39m
           Property 'dispose' does not exist on type 'SymbolConstructor'.

[2m    L336:  [22m     */
[2m    L337:  [22m    [Symbol.[41md[49m[41mi[49m[41ms[49m[41mp[49m[41mo[49m[41ms[49m[41me[49m](): void;
[2m    L338:  [22m}

[1m[31m[ ERROR ][39m[22m  TypeScript: [36m../../node_modules/.pnpm/@types+node@24.10.1/node_modules/@types/node/fs.d.ts[39m[2m:[22m[33m2196[39m[2m:[22m[33m48[39m
           Cannot find name 'AsyncDisposable'.

[2m   L2195:  [22m[36mexport[39m [36mfunction[39m mkdtempSync(prefix: string, options?: EncodingOption): [36mstring[39m | NonSharedBuffer;
[2m   L2196:  [22m[36mexport[39m interface DisposableTempDir [36mextends[39m [41mA[49m[41ms[49m[41my[49m[41mn[49m[41mc[49m[41mD[49m[41mi[49m[41ms[49m[41mp[49m[41mo[49m[41ms[49m[41ma[49m[41mb[49m[41ml[49m[41me[49m {
[2m   L2197:  [22m    /**

[1m[31m[ ERROR ][39m[22m  TypeScript: [36m../../node_modules/.pnpm/@types+node@24.10.1/node_modules/@types/node/fs.d.ts[39m[2m:[22m[33m2208[39m[2m:[22m[33m9[39m
           A computed property name in an interface must refer to an expression
           whose type is a literal type or a 'unique symbol' type.

[2m   L2207:  [22m     */
[2m   L2208:  [22m    [41m[[49m[41mS[49m[41my[49m[41mm[49m[41mb[49m[41mo[49m[41ml[49m[41m.[49m[41ma[49m[41ms[49m[41my[49m[41mn[49m[41mc[49m[41mD[49m[41mi[49m[41ms[49m[41mp[49m[41mo[49m[41ms[49m[41me[49m[41m][49m(): Promise<void>;
[2m   L2209:  [22m}

[1m[31m[ ERROR ][39m[22m  TypeScript: [36m../../node_modules/.pnpm/@types+node@24.10.1/node_modules/@types/node/fs/promises.d.ts[39m[2m:[22m[33m498[39m[2m:[22m[33m9[39m
           A computed property name in an interface must refer to an expression
           whose type is a literal type or a 'unique symbol' type.

[2m    L497:  [22m     */
[2m    L498:  [22m    [41m[[49m[41mS[49m[41my[49m[41mm[49m[41mb[49m[41mo[49m[41ml[49m[41m.[49m[41ma[49m[41ms[49m[41my[49m[41mn[49m[41mc[49m[41mD[49m[41mi[49m[41ms[49m[41mp[49m[41mo[49m[41ms[49m[41me[49m[41m][49m(): Promise<void>;
[2m    L499:  [22m}

[1m[31m[ ERROR ][39m[22m  TypeScript: [36m../../node_modules/.pnpm/@types+node@24.10.1/node_modules/@types/node/fs/promises.d.ts[39m[2m:[22m[33m498[39m[2m:[22m[33m17[39m
           Property 'asyncDispose' does not exist on type 'SymbolConstructor'.

[2m    L497:  [22m     */
[2m    L498:  [22m    [Symbol.[41ma[49m[41ms[49m[41my[49m[41mn[49m[41mc[49m[41mD[49m[41mi[49m[41ms[49m[41mp[49m[41mo[49m[41ms[49m[41me[49m](): Promise<void>;
[2m    L499:  [22m}

[1m[31m[ ERROR ][39m[22m  TypeScript: [36m../../node_modules/.pnpm/@types+node@24.10.1/node_modules/@types/node/inspector.d.ts[39m[2m:[22m[33m49[39m[2m:[22m[33m66[39m
           Cannot find name 'Disposable'.

[2m     L48:  [22m */
[2m     L49:  [22mction open(port?: number, host?: string, wait?: boolean): [41mD[49m[41mi[49m[41ms[49m[41mp[49m[41mo[49m[41ms[49m[41ma[49m[41mb[49m[41ml[49m[41me[49m;
[2m     L50:  [22m/**

[1m[31m[ ERROR ][39m[22m  TypeScript: [36m../../node_modules/.pnpm/@types+node@24.10.1/node_modules/@types/node/net.d.ts[39m[2m:[22m[33m739[39m[2m:[22m[33m9[39m
           A computed property name in an ambient context must refer to an
           expression whose type is a literal type or a 'unique symbol' type.

[2m    L738:  [22m     */
[2m    L739:  [22m    [41m[[49m[41mS[49m[41my[49m[41mm[49m[41mb[49m[41mo[49m[41ml[49m[41m.[49m[41ma[49m[41ms[49m[41my[49m[41mn[49m[41mc[49m[41mD[49m[41mi[49m[41ms[49m[41mp[49m[41mo[49m[41ms[49m[41me[49m[41m][49m(): Promise<void>;
[2m    L740:  [22m}

[1m[31m[ ERROR ][39m[22m  TypeScript: [36m../../node_modules/.pnpm/@types+node@24.10.1/node_modules/@types/node/net.d.ts[39m[2m:[22m[33m739[39m[2m:[22m[33m17[39m
           Property 'asyncDispose' does not exist on type 'SymbolConstructor'.

[2m    L738:  [22m     */
[2m    L739:  [22m    [Symbol.[41ma[49m[41ms[49m[41my[49m[41mn[49m[41mc[49m[41mD[49m[41mi[49m[41ms[49m[41mp[49m[41mo[49m[41ms[49m[41me[49m](): Promise<void>;
[2m    L740:  [22m}

[1m[31m[ ERROR ][39m[22m  TypeScript: [36m../../node_modules/.pnpm/@types+node@24.10.1/node_modules/@types/node/perf_hooks.d.ts[39m[2m:[22m[33m827[39m[2m:[22m[33m9[39m
           A computed property name in an interface must refer to an expression
           whose type is a literal type or a 'unique symbol' type.

[2m    L826:  [22m     */
[2m    L827:  [22m    [41m[[49m[41mS[49m[41my[49m[41mm[49m[41mb[49m[41mo[49m[41ml[49m[41m.[49m[41md[49m[41mi[49m[41ms[49m[41mp[49m[41mo[49m[41ms[49m[41me[49m[41m][49m(): void;
[2m    L828:  [22m}

[1m[31m[ ERROR ][39m[22m  TypeScript: [36m../../node_modules/.pnpm/@types+node@24.10.1/node_modules/@types/node/perf_hooks.d.ts[39m[2m:[22m[33m827[39m[2m:[22m[33m17[39m
           Property 'dispose' does not exist on type 'SymbolConstructor'.

[2m    L826:  [22m     */
[2m    L827:  [22m    [Symbol.[41md[49m[41mi[49m[41ms[49m[41mp[49m[41mo[49m[41ms[49m[41me[49m](): void;
[2m    L828:  [22m}

[1m[31m[ ERROR ][39m[22m  TypeScript: [36m../../node_modules/.pnpm/@types+node@24.10.1/node_modules/@types/node/readline.d.ts[39m[2m:[22m[33m54[39m[2m:[22m[33m60[39m
           Cannot find name 'Disposable'.

[2m     L53:  [22m */
[2m     L54:  [22m[36mexport[39m [36mclass[39m Interface [36mextends[39m EventEmitter [36mimplements[39m [41mD[49m[41mi[49m[41ms[49m[41mp[49m[41mo[49m[41ms[49m[41ma[49m[41mb[49m[41ml[49m[41me[49m {
[2m     L55:  [22m    readonly terminal: boolean;

[1m[31m[ ERROR ][39m[22m  TypeScript: [36m../../node_modules/.pnpm/@types+node@24.10.1/node_modules/@types/node/readline.d.ts[39m[2m:[22m[33m215[39m[2m:[22m[33m9[39m
           A computed property name in an ambient context must refer to an
           expression whose type is a literal type or a 'unique symbol' type.

[2m    L214:  [22m */
[2m    L215:  [22m[41m[[49m[41mS[49m[41my[49m[41mm[49m[41mb[49m[41mo[49m[41ml[49m[41m.[49m[41md[49m[41mi[49m[41ms[49m[41mp[49m[41mo[49m[41ms[49m[41me[49m[41m][49m(): void;
[2m    L216:  [22m/**

[1m[31m[ ERROR ][39m[22m  TypeScript: [36m../../node_modules/.pnpm/@types+node@24.10.1/node_modules/@types/node/readline.d.ts[39m[2m:[22m[33m215[39m[2m:[22m[33m17[39m
           Property 'dispose' does not exist on type 'SymbolConstructor'.

[2m    L214:  [22m */
[2m    L215:  [22m[Symbol.[41md[49m[41mi[49m[41ms[49m[41mp[49m[41mo[49m[41ms[49m[41me[49m](): void;
[2m    L216:  [22m/**

[1m[31m[ ERROR ][39m[22m  TypeScript: [36m../../node_modules/.pnpm/@types+node@24.10.1/node_modules/@types/node/sqlite.d.ts[39m[2m:[22m[33m233[39m[2m:[22m[33m35[39m
           Cannot find name 'Disposable'.

[2m    L232:  [22m */
[2m    L233:  [22m[36mclass[39m DatabaseSync [36mimplements[39m [41mD[49m[41mi[49m[41ms[49m[41mp[49m[41mo[49m[41ms[49m[41ma[49m[41mb[49m[41ml[49m[41me[49m {
[2m    L234:  [22m    /**

[1m[31m[ ERROR ][39m[22m  TypeScript: [36m../../node_modules/.pnpm/@types+node@24.10.1/node_modules/@types/node/sqlite.d.ts[39m[2m:[22m[33m498[39m[2m:[22m[33m9[39m
           A computed property name in an ambient context must refer to an
           expression whose type is a literal type or a 'unique symbol' type.

[2m    L497:  [22m     */
[2m    L498:  [22m    [41m[[49m[41mS[49m[41my[49m[41mm[49m[41mb[49m[41mo[49m[41ml[49m[41m.[49m[41md[49m[41mi[49m[41ms[49m[41mp[49m[41mo[49m[41ms[49m[41me[49m[41m][49m(): void;
[2m    L499:  [22m}

[1m[31m[ ERROR ][39m[22m  TypeScript: [36m../../node_modules/.pnpm/@types+node@24.10.1/node_modules/@types/node/sqlite.d.ts[39m[2m:[22m[33m498[39m[2m:[22m[33m17[39m
           Property 'dispose' does not exist on type 'SymbolConstructor'.

[2m    L497:  [22m     */
[2m    L498:  [22m    [Symbol.[41md[49m[41mi[49m[41ms[49m[41mp[49m[41mo[49m[41ms[49m[41me[49m](): void;
[2m    L499:  [22m}

[1m[31m[ ERROR ][39m[22m  TypeScript: [36m../../node_modules/.pnpm/@types+node@24.10.1/node_modules/@types/node/stream.d.ts[39m[2m:[22m[33m628[39m[2m:[22m[33m13[39m
           A computed property name in an ambient context must refer to an
           expression whose type is a literal type or a 'unique symbol' type.

[2m    L627:  [22m */
[2m    L628:  [22m[41m[[49m[41mS[49m[41my[49m[41mm[49m[41mb[49m[41mo[49m[41ml[49m[41m.[49m[41ma[49m[41ms[49m[41my[49m[41mn[49m[41mc[49m[41mD[49m[41mi[49m[41ms[49m[41mp[49m[41mo[49m[41ms[49m[41me[49m[41m][49m(): Promise<void>;
[2m    L629:  [22m/**

[1m[31m[ ERROR ][39m[22m  TypeScript: [36m../../node_modules/.pnpm/@types+node@24.10.1/node_modules/@types/node/stream.d.ts[39m[2m:[22m[33m628[39m[2m:[22m[33m21[39m
           Property 'asyncDispose' does not exist on type 'SymbolConstructor'.

[2m    L627:  [22m */
[2m    L628:  [22m[Symbol.[41ma[49m[41ms[49m[41my[49m[41mn[49m[41mc[49m[41mD[49m[41mi[49m[41ms[49m[41mp[49m[41mo[49m[41ms[49m[41me[49m](): Promise<void>;
[2m    L629:  [22m/**

[1m[31m[ ERROR ][39m[22m  TypeScript: [36m../../node_modules/.pnpm/@types+node@24.10.1/node_modules/@types/node/test.d.ts[39m[2m:[22m[33m2205[39m[2m:[22m[33m13[39m
           A computed property name in an interface must refer to an expression
           whose type is a literal type or a 'unique symbol' type.

[2m   L2204:  [22m     */
[2m   L2205:  [22m    [41m[[49m[41mS[49m[41my[49m[41mm[49m[41mb[49m[41mo[49m[41ml[49m[41m.[49m[41md[49m[41mi[49m[41ms[49m[41mp[49m[41mo[49m[41ms[49m[41me[49m[41m][49m(): void;
[2m   L2206:  [22m}

[1m[31m[ ERROR ][39m[22m  TypeScript: [36m../../node_modules/.pnpm/@types+node@24.10.1/node_modules/@types/node/test.d.ts[39m[2m:[22m[33m2205[39m[2m:[22m[33m21[39m
           Property 'dispose' does not exist on type 'SymbolConstructor'.

[2m   L2204:  [22m     */
[2m   L2205:  [22m    [Symbol.[41md[49m[41mi[49m[41ms[49m[41mp[49m[41mo[49m[41ms[49m[41me[49m](): void;
[2m   L2206:  [22m}

[1m[31m[ ERROR ][39m[22m  TypeScript: [36m../../node_modules/.pnpm/@types+node@24.10.1/node_modules/@types/node/timers.d.ts[39m[2m:[22m[33m34[39m[2m:[22m[33m53[39m
           Cannot find name 'Disposable'.

[2m     L33:  [22m */
[2m     L34:  [22minterface Immediate [36mextends[39m RefCounted, [41mD[49m[41mi[49m[41ms[49m[41mp[49m[41mo[49m[41ms[49m[41ma[49m[41mb[49m[41ml[49m[41me[49m {
[2m     L35:  [22m    /**

[1m[31m[ ERROR ][39m[22m  TypeScript: [36m../../node_modules/.pnpm/@types+node@24.10.1/node_modules/@types/node/timers.d.ts[39m[2m:[22m[33m64[39m[2m:[22m[33m17[39m
           A computed property name in an interface must refer to an expression
           whose type is a literal type or a 'unique symbol' type.

[2m     L63:  [22m */
[2m     L64:  [22m[41m[[49m[41mS[49m[41my[49m[41mm[49m[41mb[49m[41mo[49m[41ml[49m[41m.[49m[41md[49m[41mi[49m[41ms[49m[41mp[49m[41mo[49m[41ms[49m[41me[49m[41m][49m(): void;
[2m     L65:  [22m_onImmediate(...args: any[]): void;

[1m[31m[ ERROR ][39m[22m  TypeScript: [36m../../node_modules/.pnpm/@types+node@24.10.1/node_modules/@types/node/timers.d.ts[39m[2m:[22m[33m64[39m[2m:[22m[33m25[39m
           Property 'dispose' does not exist on type 'SymbolConstructor'.

[2m     L63:  [22m */
[2m     L64:  [22m[Symbol.[41md[49m[41mi[49m[41ms[49m[41mp[49m[41mo[49m[41ms[49m[41me[49m](): void;
[2m     L65:  [22m_onImmediate(...args: any[]): void;

[1m[31m[ ERROR ][39m[22m  TypeScript: [36m../../node_modules/.pnpm/@types+node@24.10.1/node_modules/@types/node/v8.d.ts[39m[2m:[22m[33m418[39m[2m:[22m[33m9[39m
           A computed property name in an interface must refer to an expression
           whose type is a literal type or a 'unique symbol' type.

[2m    L417:  [22m     */
[2m    L418:  [22m    [41m[[49m[41mS[49m[41my[49m[41mm[49m[41mb[49m[41mo[49m[41ml[49m[41m.[49m[41ma[49m[41ms[49m[41my[49m[41mn[49m[41mc[49m[41mD[49m[41mi[49m[41ms[49m[41mp[49m[41mo[49m[41ms[49m[41me[49m[41m][49m(): Promise<void>;
[2m    L419:  [22m}

[1m[31m[ ERROR ][39m[22m  TypeScript: [36m../../node_modules/.pnpm/@types+node@24.10.1/node_modules/@types/node/v8.d.ts[39m[2m:[22m[33m418[39m[2m:[22m[33m17[39m
           Property 'asyncDispose' does not exist on type 'SymbolConstructor'.

[2m    L417:  [22m     */
[2m    L418:  [22m    [Symbol.[41ma[49m[41ms[49m[41my[49m[41mn[49m[41mc[49m[41mD[49m[41mi[49m[41ms[49m[41mp[49m[41mo[49m[41ms[49m[41me[49m](): Promise<void>;
[2m    L419:  [22m}

[1m[31m[ ERROR ][39m[22m  TypeScript: [36m../../node_modules/.pnpm/@types+node@24.10.1/node_modules/@types/node/worker_threads.d.ts[39m[2m:[22m[33m558[39m[2m:[22m[33m9[39m
           A computed property name in an ambient context must refer to an
           expression whose type is a literal type or a 'unique symbol' type.

[2m    L557:  [22m */
[2m    L558:  [22m[41m[[49m[41mS[49m[41my[49m[41mm[49m[41mb[49m[41mo[49m[41ml[49m[41m.[49m[41ma[49m[41ms[49m[41my[49m[41mn[49m[41mc[49m[41mD[49m[41mi[49m[41ms[49m[41mp[49m[41mo[49m[41ms[49m[41me[49m[41m][49m(): Promise<void>;
[2m    L559:  [22maddListener(event: "error", listener: (err: Error) => void): this;

[1m[31m[ ERROR ][39m[22m  TypeScript: [36m../../node_modules/.pnpm/@types+node@24.10.1/node_modules/@types/node/worker_threads.d.ts[39m[2m:[22m[33m558[39m[2m:[22m[33m17[39m
           Property 'asyncDispose' does not exist on type 'SymbolConstructor'.

[2m    L557:  [22m */
[2m    L558:  [22m[Symbol.[41ma[49m[41ms[49m[41my[49m[41mn[49m[41mc[49m[41mD[49m[41mi[49m[41ms[49m[41mp[49m[41mo[49m[41ms[49m[41me[49m](): Promise<void>;
[2m    L559:  [22maddListener(event: "error", listener: (err: Error) => void): this;

[1m[31m[ ERROR ][39m[22m  TypeScript: [36m../../node_modules/.pnpm/@types+node@24.10.1/node_modules/@types/node/ts5.6/index.d.ts[39m[2m:[22m[33m29[39m[2m:[22m[33m21[39m
           Cannot find lib definition for 'esnext.disposable'.

[2m     L28:  [22m[2m/// <reference lib="es2020" />[22m
[2m     L29:  [22m[2m/// <reference lib="[41me[49m[41ms[49m[41mn[49m[41me[49m[41mx[49m[41mt[49m[41m.[49m[41md[49m[41mi[49m[41ms[49m[41mp[49m[41mo[49m[41ms[49m[41ma[49m[41mb[49m[41ml[49m[41me[49m" />[22m

[2m[32:17.6][22m  [1m[31mbuild failed[39m[22m [2min 648 ms[22m

 ELIFECYCLE  Command failed with exit code 1.
/Users/mparrino/Documents/galactik/galactik/packages/wc-ui:
 ERR_PNPM_RECURSIVE_RUN_FIRST_FAIL  wc-ui@1.0.0 build-storybook: `pnpm run build:stencil && storybook build`
Exit status 1
